C:\SOURCE\SERVERSRC\GAMESERVER\GAMESERVER.EXE
C:\SOURCE\SERVERSRC\GAMESERVER\GAMESERVER.ILK
C:\SOURCE\SERVERSRC\GAMESERVER\KYDTEST\AREA.OBJ
C:\SOURCE\SERVERSRC\GAMESERVER\KYDTEST\ASSIST.OBJ
C:\SOURCE\SERVERSRC\GAMESERVER\KYDTEST\BATTLE.OBJ
C:\SOURCE\SERVERSRC\GAMESERVER\KYDTEST\BATTLE_DIVISIONEXPSP.OBJ
C:\SOURCE\SERVERSRC\GAMESERVER\KYDTEST\BATTLE_GETDAMAGE.OBJ
C:\SOURCE\SERVERSRC\GAMESERVER\KYDTEST\BATTLE_ISAVAILABLE.OBJ
C:\SOURCE\SERVERSRC\GAMESERVER\KYDTEST\BATTLE_NPCDROPITEM.OBJ
C:\SOURCE\SERVERSRC\GAMESERVER\KYDTEST\BATTLE_PROCAFTERHIT.OBJ
C:\SOURCE\SERVERSRC\GAMESERVER\KYDTEST\BATTLE_PROCDEAD_ELEMENTAL.OBJ
C:\SOURCE\SERVERSRC\GAMESERVER\KYDTEST\BATTLE_PROCDEAD_NPC.OBJ
C:\SOURCE\SERVERSRC\GAMESERVER\KYDTEST\BATTLE_PROCDEAD_PC.OBJ
C:\SOURCE\SERVERSRC\GAMESERVER\KYDTEST\BATTLE_PROCDEAD_PET.OBJ
C:\SOURCE\SERVERSRC\GAMESERVER\KYDTEST\CELL.OBJ
C:\SOURCE\SERVERSRC\GAMESERVER\KYDTEST\CHARACTER.OBJ
C:\SOURCE\SERVERSRC\GAMESERVER\KYDTEST\CMD.OBJ
C:\SOURCE\SERVERSRC\GAMESERVER\KYDTEST\CMDMSG.OBJ
C:\SOURCE\SERVERSRC\GAMESERVER\KYDTEST\CONFIGFILE.OBJ
C:\SOURCE\SERVERSRC\GAMESERVER\KYDTEST\DESCRIPTOR.OBJ
C:\SOURCE\SERVERSRC\GAMESERVER\KYDTEST\DOFUNCACTION.OBJ
C:\SOURCE\SERVERSRC\GAMESERVER\KYDTEST\DOFUNCADMIN.OBJ
C:\SOURCE\SERVERSRC\GAMESERVER\KYDTEST\DOFUNCATTACK.OBJ
C:\SOURCE\SERVERSRC\GAMESERVER\KYDTEST\DOFUNCCASHITEM.OBJ
C:\SOURCE\SERVERSRC\GAMESERVER\KYDTEST\DOFUNCCHANGEJOB.OBJ
C:\SOURCE\SERVERSRC\GAMESERVER\KYDTEST\DOFUNCCHAT.OBJ
C:\SOURCE\SERVERSRC\GAMESERVER\KYDTEST\DOFUNCETC.OBJ
C:\SOURCE\SERVERSRC\GAMESERVER\KYDTEST\DOFUNCEVENT.OBJ
C:\SOURCE\SERVERSRC\GAMESERVER\KYDTEST\DOFUNCEXCASTLEMAP.OBJ
C:\SOURCE\SERVERSRC\GAMESERVER\KYDTEST\DOFUNCEXCHANGE.OBJ
C:\SOURCE\SERVERSRC\GAMESERVER\KYDTEST\DOFUNCEXPARTYMATCH.OBJ
C:\SOURCE\SERVERSRC\GAMESERVER\KYDTEST\DOFUNCEXPET.OBJ
C:\SOURCE\SERVERSRC\GAMESERVER\KYDTEST\DOFUNCFRIEND.OBJ
C:\SOURCE\SERVERSRC\GAMESERVER\KYDTEST\DOFUNCGUILD.OBJ
C:\SOURCE\SERVERSRC\GAMESERVER\KYDTEST\DOFUNCITEM.OBJ
C:\SOURCE\SERVERSRC\GAMESERVER\KYDTEST\DOFUNCMEMPOS.OBJ
C:\SOURCE\SERVERSRC\GAMESERVER\KYDTEST\DOFUNCMOVE.OBJ
C:\SOURCE\SERVERSRC\GAMESERVER\KYDTEST\DOFUNCNPCREGEN.OBJ
C:\SOURCE\SERVERSRC\GAMESERVER\KYDTEST\DOFUNCPARTY.OBJ
C:\SOURCE\SERVERSRC\GAMESERVER\KYDTEST\DOFUNCPERSONALSHOP.OBJ
C:\SOURCE\SERVERSRC\GAMESERVER\KYDTEST\DOFUNCPK.OBJ
C:\SOURCE\SERVERSRC\GAMESERVER\KYDTEST\DOFUNCPRODUCE.OBJ
C:\SOURCE\SERVERSRC\GAMESERVER\KYDTEST\DOFUNCQUEST.OBJ
C:\SOURCE\SERVERSRC\GAMESERVER\KYDTEST\DOFUNCQUICKSLOT.OBJ
C:\SOURCE\SERVERSRC\GAMESERVER\KYDTEST\DOFUNCREBIRTH.OBJ
C:\SOURCE\SERVERSRC\GAMESERVER\KYDTEST\DOFUNCSKILL.OBJ
C:\SOURCE\SERVERSRC\GAMESERVER\KYDTEST\DOFUNCSSKILL.OBJ
C:\SOURCE\SERVERSRC\GAMESERVER\KYDTEST\DOFUNCSTASH.OBJ
C:\SOURCE\SERVERSRC\GAMESERVER\KYDTEST\DOFUNCTEACH.OBJ
C:\SOURCE\SERVERSRC\GAMESERVER\KYDTEST\DOFUNCWARP.OBJ
C:\SOURCE\SERVERSRC\GAMESERVER\KYDTEST\ELEMENTAL.OBJ
C:\SOURCE\SERVERSRC\GAMESERVER\KYDTEST\ENV.OBJ
C:\SOURCE\SERVERSRC\GAMESERVER\KYDTEST\EXCHANGEITEMS.OBJ
C:\SOURCE\SERVERSRC\GAMESERVER\KYDTEST\EXP.OBJ
C:\SOURCE\SERVERSRC\GAMESERVER\KYDTEST\FRIEND.OBJ
C:\SOURCE\SERVERSRC\GAMESERVER\KYDTEST\GAMESERVER.BSC
C:\SOURCE\SERVERSRC\GAMESERVER\KYDTEST\GAMESERVER.OBJ
C:\SOURCE\SERVERSRC\GAMESERVER\KYDTEST\GUILD.OBJ
C:\SOURCE\SERVERSRC\GAMESERVER\KYDTEST\HARDCODING.OBJ
C:\SOURCE\SERVERSRC\GAMESERVER\KYDTEST\ITEM.OBJ
C:\SOURCE\SERVERSRC\GAMESERVER\KYDTEST\LOG.OBJ
C:\SOURCE\SERVERSRC\GAMESERVER\KYDTEST\MAPATTR.OBJ
C:\SOURCE\SERVERSRC\GAMESERVER\KYDTEST\MEMPOS.OBJ
C:\SOURCE\SERVERSRC\GAMESERVER\KYDTEST\MOBACTIVITY.OBJ
C:\SOURCE\SERVERSRC\GAMESERVER\KYDTEST\NPC.OBJ
C:\SOURCE\SERVERSRC\GAMESERVER\KYDTEST\NPCPROTO.OBJ
C:\SOURCE\SERVERSRC\GAMESERVER\KYDTEST\NPCREGENINFO.OBJ
C:\SOURCE\SERVERSRC\GAMESERVER\KYDTEST\OPTION.OBJ
C:\SOURCE\SERVERSRC\GAMESERVER\KYDTEST\PARTY.OBJ
C:\SOURCE\SERVERSRC\GAMESERVER\KYDTEST\PC.OBJ
C:\SOURCE\SERVERSRC\GAMESERVER\KYDTEST\PERSONALSHOP.OBJ
C:\SOURCE\SERVERSRC\GAMESERVER\KYDTEST\PET.OBJ
C:\SOURCE\SERVERSRC\GAMESERVER\KYDTEST\PROCCONNMSG.OBJ
C:\SOURCE\SERVERSRC\GAMESERVER\KYDTEST\PROCHELPERMSG.OBJ
C:\SOURCE\SERVERSRC\GAMESERVER\KYDTEST\PROCMSGRMSG.OBJ
C:\SOURCE\SERVERSRC\GAMESERVER\KYDTEST\QUEST.OBJ
C:\SOURCE\SERVERSRC\GAMESERVER\KYDTEST\RAREOPTIONPROTO.OBJ
C:\SOURCE\SERVERSRC\GAMESERVER\KYDTEST\SERVER.OBJ
C:\SOURCE\SERVERSRC\GAMESERVER\KYDTEST\SERVERRUN.OBJ
C:\SOURCE\SERVERSRC\GAMESERVER\KYDTEST\SKILL.OBJ
C:\SOURCE\SERVERSRC\GAMESERVER\KYDTEST\SSKILL.OBJ
C:\SOURCE\SERVERSRC\GAMESERVER\KYDTEST\UTILS.OBJ
C:\SOURCE\SERVERSRC\GAMESERVER\KYDTEST\VC100.PDB
C:\SOURCE\SERVERSRC\GAMESERVER\KYDTEST\WARCASTLE.OBJ
C:\SOURCE\SERVERSRC\GAMESERVER\KYDTEST\WARCASTLE_MERAC.OBJ
C:\SOURCE\SERVERSRC\GAMESERVER\KYDTEST\WARCASTLEFUNC.OBJ
C:\SOURCE\SERVERSRC\GAMESERVER\KYDTEST\ZONE.OBJ
C:\SOURCE\SERVERSRC\GAMESERVER\USA\AFFINITY.OBJ
C:\SOURCE\SERVERSRC\GAMESERVER\USA\APET.OBJ
C:\SOURCE\SERVERSRC\GAMESERVER\USA\APETPROTO.OBJ
C:\SOURCE\SERVERSRC\GAMESERVER\USA\ARTIFACT_MANAGER.OBJ
C:\SOURCE\SERVERSRC\GAMESERVER\USA\ATTENDANCEMANAGER.OBJ
C:\SOURCE\SERVERSRC\GAMESERVER\USA\BATTLE_PROCDEAD_APET.OBJ
C:\SOURCE\SERVERSRC\GAMESERVER\USA\CONNECTORINGAME.OBJ
C:\SOURCE\SERVERSRC\GAMESERVER\USA\DBMANAGER.OBJ
C:\SOURCE\SERVERSRC\GAMESERVER\USA\DBMANAGER_SAVECHARACTERINFO.OBJ
C:\SOURCE\SERVERSRC\GAMESERVER\USA\DBPROCESS_CREATECHAR.OBJ
C:\SOURCE\SERVERSRC\GAMESERVER\USA\DBPROCESS_SAVECHAR.OBJ
C:\SOURCE\SERVERSRC\GAMESERVER\USA\DBPROCESS_SELECTCHAR.OBJ
C:\SOURCE\SERVERSRC\GAMESERVER\USA\DESCMANAGER.OBJ
C:\SOURCE\SERVERSRC\GAMESERVER\USA\DOFUNCAFFINITY.OBJ
C:\SOURCE\SERVERSRC\GAMESERVER\USA\DOFUNCDURABILITY.OBJ
C:\SOURCE\SERVERSRC\GAMESERVER\USA\DOFUNCEXAPET.OBJ
C:\SOURCE\SERVERSRC\GAMESERVER\USA\DOFUNCEXCASTLLAN.OBJ
C:\SOURCE\SERVERSRC\GAMESERVER\USA\DOFUNCEXPEDITION.OBJ
C:\SOURCE\SERVERSRC\GAMESERVER\USA\DOFUNCEXPRESSSYSTEM.OBJ
C:\SOURCE\SERVERSRC\GAMESERVER\USA\DOFUNCEXSOCKET.OBJ
C:\SOURCE\SERVERSRC\GAMESERVER\USA\DOFUNCEXSUBJOB.OBJ
C:\SOURCE\SERVERSRC\GAMESERVER\USA\DOFUNCEXTREMECUBE.OBJ
C:\SOURCE\SERVERSRC\GAMESERVER\USA\DOFUNCFACTORY.OBJ
C:\SOURCE\SERVERSRC\GAMESERVER\USA\DOFUNCGPS.OBJ
C:\SOURCE\SERVERSRC\GAMESERVER\USA\DOFUNCGUILDBATTLE.OBJ
C:\SOURCE\SERVERSRC\GAMESERVER\USA\DOFUNCITEM_USECASHITEM.OBJ
C:\SOURCE\SERVERSRC\GAMESERVER\USA\DOFUNCITEMCOLLECTION.OBJ
C:\SOURCE\SERVERSRC\GAMESERVER\USA\DOFUNCMONSTERCOMBO.OBJ
C:\SOURCE\SERVERSRC\GAMESERVER\USA\DOFUNCPETSTASH.OBJ
C:\SOURCE\SERVERSRC\GAMESERVER\USA\DOFUNCPREMIUMCHAR.OBJ
C:\SOURCE\SERVERSRC\GAMESERVER\USA\DOFUNCRAID.OBJ
C:\SOURCE\SERVERSRC\GAMESERVER\USA\DOFUNCREFORMSYSTEM.OBJ
C:\SOURCE\SERVERSRC\GAMESERVER\USA\DOFUNCRESERVEDGMCOMMAND.OBJ
C:\SOURCE\SERVERSRC\GAMESERVER\USA\DOFUNCRVR.OBJ
C:\SOURCE\SERVERSRC\GAMESERVER\USA\DOFUNCTITLE.OBJ
C:\SOURCE\SERVERSRC\GAMESERVER\USA\DOFUNCTRADEAGENT.OBJ
C:\SOURCE\SERVERSRC\GAMESERVER\USA\DOFUNCTRIGEREVENT.OBJ
C:\SOURCE\SERVERSRC\GAMESERVER\USA\DRATANCASTLE.OBJ
C:\SOURCE\SERVERSRC\GAMESERVER\USA\DROPITEM.OBJ
C:\SOURCE\SERVERSRC\GAMESERVER\USA\EQUIPEXCHANGEEXTEND.OBJ
C:\SOURCE\SERVERSRC\GAMESERVER\USA\EVENTAUTOMATION.OBJ
C:\SOURCE\SERVERSRC\GAMESERVER\USA\EVENTPROCESSWITHTHREAD.OBJ
C:\SOURCE\SERVERSRC\GAMESERVER\USA\EXPEDITION.OBJ
C:\SOURCE\SERVERSRC\GAMESERVER\USA\EXTREMECUBE.OBJ
C:\SOURCE\SERVERSRC\GAMESERVER\USA\FACTORY.OBJ
C:\SOURCE\SERVERSRC\GAMESERVER\USA\FORTUNE_SYSTEM.OBJ
C:\SOURCE\SERVERSRC\GAMESERVER\USA\GAMESERVER.PDB
C:\SOURCE\SERVERSRC\GAMESERVER\USA\GMCMDLIST.OBJ
C:\SOURCE\SERVERSRC\GAMESERVER\USA\GPSDATAMANAGER.OBJ
C:\SOURCE\SERVERSRC\GAMESERVER\USA\GPSMANAGER.OBJ
C:\SOURCE\SERVERSRC\GAMESERVER\USA\GUILDBATTLEMANAGER.OBJ
C:\SOURCE\SERVERSRC\GAMESERVER\USA\GUILDKICK.OBJ
C:\SOURCE\SERVERSRC\GAMESERVER\USA\HELPERINGAME.OBJ
C:\SOURCE\SERVERSRC\GAMESERVER\USA\HEXADUMP4XTRAP.OBJ
C:\SOURCE\SERVERSRC\GAMESERVER\USA\HOLYWATERDATA.OBJ
C:\SOURCE\SERVERSRC\GAMESERVER\USA\INTERGRATIONSERVER.OBJ
C:\SOURCE\SERVERSRC\GAMESERVER\USA\INVENTORYMANAGER.OBJ
C:\SOURCE\SERVERSRC\GAMESERVER\USA\ITEMCOLLECTION.OBJ
C:\SOURCE\SERVERSRC\GAMESERVER\USA\ITEMEXCHANGEPROTO.OBJ
C:\SOURCE\SERVERSRC\GAMESERVER\USA\JEWELDATA.OBJ
C:\SOURCE\SERVERSRC\GAMESERVER\USA\JUMPINGSYSTEM.OBJ
C:\SOURCE\SERVERSRC\GAMESERVER\USA\LACARETTE.OBJ
C:\SOURCE\SERVERSRC\GAMESERVER\USA\LUCKYDRAWBOX.OBJ
C:\SOURCE\SERVERSRC\GAMESERVER\USA\MESSENGERINGAME.OBJ
C:\SOURCE\SERVERSRC\GAMESERVER\USA\MONSTERCOMBO.OBJ
C:\SOURCE\SERVERSRC\GAMESERVER\USA\MONSTERMERCENARY.OBJ
C:\SOURCE\SERVERSRC\GAMESERVER\USA\NOTICE.OBJ
C:\SOURCE\SERVERSRC\GAMESERVER\USA\PARTY_RECALL_MANAGER.OBJ
C:\SOURCE\SERVERSRC\GAMESERVER\USA\PCLIST.OBJ
C:\SOURCE\SERVERSRC\GAMESERVER\USA\PETSTASHMANAGER.OBJ
C:\SOURCE\SERVERSRC\GAMESERVER\USA\PREMIUMCHAR.OBJ
C:\SOURCE\SERVERSRC\GAMESERVER\USA\PROCSUBHELPERMSG.OBJ
C:\SOURCE\SERVERSRC\GAMESERVER\USA\PRODUCT.OBJ
C:\SOURCE\SERVERSRC\GAMESERVER\USA\PRODUCTMANAGER.OBJ
C:\SOURCE\SERVERSRC\GAMESERVER\USA\PROMOTION2EVENT.OBJ
C:\SOURCE\SERVERSRC\GAMESERVER\USA\PUZZLEGAME.OBJ
C:\SOURCE\SERVERSRC\GAMESERVER\USA\RAIDDATA.OBJ
C:\SOURCE\SERVERSRC\GAMESERVER\USA\REWARD.OBJ
C:\SOURCE\SERVERSRC\GAMESERVER\USA\REWARDEVNETITEMMANAGER.OBJ
C:\SOURCE\SERVERSRC\GAMESERVER\USA\ROCKPAPERSCISSORSGAME.OBJ
C:\SOURCE\SERVERSRC\GAMESERVER\USA\ROCKPAPERSCISSORSINFO.OBJ
C:\SOURCE\SERVERSRC\GAMESERVER\USA\ROCKPAPERSCISSORSPROB.OBJ
C:\SOURCE\SERVERSRC\GAMESERVER\USA\SERVERTIMER.OBJ
C:\SOURCE\SERVERSRC\GAMESERVER\USA\SETITEMPROTO.OBJ
C:\SOURCE\SERVERSRC\GAMESERVER\USA\SOCKETSYSTEM.OBJ
C:\SOURCE\SERVERSRC\GAMESERVER\USA\SUBHELPERINGAME.OBJ
C:\SOURCE\SERVERSRC\GAMESERVER\USA\SYNDICATEINFODATAMANAGER.OBJ
C:\SOURCE\SERVERSRC\GAMESERVER\USA\SYNDICATEMANAGER.OBJ
C:\SOURCE\SERVERSRC\GAMESERVER\USA\TIMERITEMMANAGER.OBJ
C:\SOURCE\SERVERSRC\GAMESERVER\USA\TITLESYSTEM.OBJ
C:\SOURCE\SERVERSRC\GAMESERVER\USA\TRIGERSET.OBJ
C:\SOURCE\SERVERSRC\GAMESERVER\USA\VC100.PDB
C:\SOURCE\SERVERSRC\GAMESERVER\USA\WARGROUND.OBJ
C:\SOURCE\SERVERSRC\GAMESERVER\USA\WEARINVENMANAGER.OBJ
C:\SOURCE\SERVERSRC\GAMESERVER\USA\XTRAP4SERVER.OBJ
C:\SOURCE\SERVERSRC\USA\AFFINITY.SBR
C:\SOURCE\SERVERSRC\USA\APET.SBR
C:\SOURCE\SERVERSRC\USA\APETPROTO.SBR
C:\SOURCE\SERVERSRC\USA\AREA.SBR
C:\SOURCE\SERVERSRC\USA\ARTIFACT_MANAGER.SBR
C:\SOURCE\SERVERSRC\USA\ASSIST.SBR
C:\SOURCE\SERVERSRC\USA\ATTENDANCEMANAGER.SBR
C:\SOURCE\SERVERSRC\USA\BATTLE.SBR
C:\SOURCE\SERVERSRC\USA\BATTLE_DIVISIONEXPSP.SBR
C:\SOURCE\SERVERSRC\USA\BATTLE_GETDAMAGE.SBR
C:\SOURCE\SERVERSRC\USA\BATTLE_ISAVAILABLE.SBR
C:\SOURCE\SERVERSRC\USA\BATTLE_NPCDROPITEM.SBR
C:\SOURCE\SERVERSRC\USA\BATTLE_PROCAFTERHIT.SBR
C:\SOURCE\SERVERSRC\USA\BATTLE_PROCDEAD_APET.SBR
C:\SOURCE\SERVERSRC\USA\BATTLE_PROCDEAD_ELEMENTAL.SBR
C:\SOURCE\SERVERSRC\USA\BATTLE_PROCDEAD_NPC.SBR
C:\SOURCE\SERVERSRC\USA\BATTLE_PROCDEAD_PC.SBR
C:\SOURCE\SERVERSRC\USA\BATTLE_PROCDEAD_PET.SBR
C:\Source\ServerSrc\USA\BscMake.command.1.tlog
C:\Source\ServerSrc\USA\bscmake.read.1.tlog
C:\Source\ServerSrc\USA\bscmake.write.1.tlog
C:\SOURCE\SERVERSRC\USA\CELL.SBR
C:\SOURCE\SERVERSRC\USA\CHARACTER.SBR
C:\Source\ServerSrc\USA\cl.command.1.tlog
C:\Source\ServerSrc\USA\CL.read.1.tlog
C:\Source\ServerSrc\USA\CL.write.1.tlog
C:\SOURCE\SERVERSRC\USA\CMD.SBR
C:\SOURCE\SERVERSRC\USA\CMDMSG.SBR
C:\SOURCE\SERVERSRC\USA\CONFIGFILE.SBR
C:\SOURCE\SERVERSRC\USA\CONNECTORINGAME.SBR
C:\SOURCE\SERVERSRC\USA\DBMANAGER.SBR
C:\SOURCE\SERVERSRC\USA\DBMANAGER_SAVECHARACTERINFO.SBR
C:\SOURCE\SERVERSRC\USA\DBPROCESS_CREATECHAR.SBR
C:\SOURCE\SERVERSRC\USA\DBPROCESS_SAVECHAR.SBR
C:\SOURCE\SERVERSRC\USA\DBPROCESS_SELECTCHAR.SBR
C:\SOURCE\SERVERSRC\USA\DESCMANAGER.SBR
C:\SOURCE\SERVERSRC\USA\DESCRIPTOR.SBR
C:\SOURCE\SERVERSRC\USA\DOFUNCACTION.SBR
C:\SOURCE\SERVERSRC\USA\DOFUNCADMIN.SBR
C:\SOURCE\SERVERSRC\USA\DOFUNCAFFINITY.SBR
C:\SOURCE\SERVERSRC\USA\DOFUNCATTACK.SBR
C:\SOURCE\SERVERSRC\USA\DOFUNCCASHITEM.SBR
C:\SOURCE\SERVERSRC\USA\DOFUNCCHANGEJOB.SBR
C:\SOURCE\SERVERSRC\USA\DOFUNCCHAT.SBR
C:\SOURCE\SERVERSRC\USA\DOFUNCDURABILITY.SBR
C:\SOURCE\SERVERSRC\USA\DOFUNCETC.SBR
C:\SOURCE\SERVERSRC\USA\DOFUNCEVENT.SBR
C:\SOURCE\SERVERSRC\USA\DOFUNCEXAPET.SBR
C:\SOURCE\SERVERSRC\USA\DOFUNCEXCASTLEMAP.SBR
C:\SOURCE\SERVERSRC\USA\DOFUNCEXCASTLLAN.SBR
C:\SOURCE\SERVERSRC\USA\DOFUNCEXCHANGE.SBR
C:\SOURCE\SERVERSRC\USA\DOFUNCEXPARTYMATCH.SBR
C:\SOURCE\SERVERSRC\USA\DOFUNCEXPEDITION.SBR
C:\SOURCE\SERVERSRC\USA\DOFUNCEXPET.SBR
C:\SOURCE\SERVERSRC\USA\DOFUNCEXPRESSSYSTEM.SBR
C:\SOURCE\SERVERSRC\USA\DOFUNCEXSOCKET.SBR
C:\SOURCE\SERVERSRC\USA\DOFUNCEXSUBJOB.SBR
C:\SOURCE\SERVERSRC\USA\DOFUNCEXTREMECUBE.SBR
C:\SOURCE\SERVERSRC\USA\DOFUNCFACTORY.SBR
C:\SOURCE\SERVERSRC\USA\DOFUNCFRIEND.SBR
C:\SOURCE\SERVERSRC\USA\DOFUNCGPS.SBR
C:\SOURCE\SERVERSRC\USA\DOFUNCGUILD.SBR
C:\SOURCE\SERVERSRC\USA\DOFUNCGUILDBATTLE.SBR
C:\SOURCE\SERVERSRC\USA\DOFUNCITEM.SBR
C:\SOURCE\SERVERSRC\USA\DOFUNCITEM_USECASHITEM.SBR
C:\SOURCE\SERVERSRC\USA\DOFUNCITEMCOLLECTION.SBR
C:\SOURCE\SERVERSRC\USA\DOFUNCMEMPOS.SBR
C:\SOURCE\SERVERSRC\USA\DOFUNCMONSTERCOMBO.SBR
C:\SOURCE\SERVERSRC\USA\DOFUNCMOVE.SBR
C:\SOURCE\SERVERSRC\USA\DOFUNCNPCREGEN.SBR
C:\SOURCE\SERVERSRC\USA\DOFUNCPARTY.SBR
C:\SOURCE\SERVERSRC\USA\DOFUNCPERSONALSHOP.SBR
C:\SOURCE\SERVERSRC\USA\DOFUNCPETSTASH.SBR
C:\SOURCE\SERVERSRC\USA\DOFUNCPK.SBR
C:\SOURCE\SERVERSRC\USA\DOFUNCPREMIUMCHAR.SBR
C:\SOURCE\SERVERSRC\USA\DOFUNCPRODUCE.SBR
C:\SOURCE\SERVERSRC\USA\DOFUNCQUEST.SBR
C:\SOURCE\SERVERSRC\USA\DOFUNCQUICKSLOT.SBR
C:\SOURCE\SERVERSRC\USA\DOFUNCRAID.SBR
C:\SOURCE\SERVERSRC\USA\DOFUNCREBIRTH.SBR
C:\SOURCE\SERVERSRC\USA\DOFUNCREFORMSYSTEM.SBR
C:\SOURCE\SERVERSRC\USA\DOFUNCRESERVEDGMCOMMAND.SBR
C:\SOURCE\SERVERSRC\USA\DOFUNCRVR.SBR
C:\SOURCE\SERVERSRC\USA\DOFUNCSKILL.SBR
C:\SOURCE\SERVERSRC\USA\DOFUNCSSKILL.SBR
C:\SOURCE\SERVERSRC\USA\DOFUNCSTASH.SBR
C:\SOURCE\SERVERSRC\USA\DOFUNCTEACH.SBR
C:\SOURCE\SERVERSRC\USA\DOFUNCTITLE.SBR
C:\SOURCE\SERVERSRC\USA\DOFUNCTRADEAGENT.SBR
C:\SOURCE\SERVERSRC\USA\DOFUNCTRIGEREVENT.SBR
C:\SOURCE\SERVERSRC\USA\DOFUNCWARP.SBR
C:\SOURCE\SERVERSRC\USA\DRATANCASTLE.SBR
C:\SOURCE\SERVERSRC\USA\DROPITEM.SBR
C:\SOURCE\SERVERSRC\USA\ELEMENTAL.SBR
C:\SOURCE\SERVERSRC\USA\ENV.SBR
C:\SOURCE\SERVERSRC\USA\EQUIPEXCHANGEEXTEND.SBR
C:\SOURCE\SERVERSRC\USA\EVENTAUTOMATION.SBR
C:\SOURCE\SERVERSRC\USA\EVENTPROCESSWITHTHREAD.SBR
C:\SOURCE\SERVERSRC\USA\EXCHANGEITEMS.SBR
C:\SOURCE\SERVERSRC\USA\EXP.SBR
C:\SOURCE\SERVERSRC\USA\EXPEDITION.SBR
C:\SOURCE\SERVERSRC\USA\EXTREMECUBE.SBR
C:\SOURCE\SERVERSRC\USA\FACTORY.SBR
C:\SOURCE\SERVERSRC\USA\FORTUNE_SYSTEM.SBR
C:\SOURCE\SERVERSRC\USA\FRIEND.SBR
C:\SOURCE\SERVERSRC\USA\GAMESERVER.EXE.EMBED.MANIFEST
C:\SOURCE\SERVERSRC\USA\GAMESERVER.EXE.EMBED.MANIFEST.RES
C:\SOURCE\SERVERSRC\USA\GAMESERVER.EXE.INTERMEDIATE.MANIFEST
C:\SOURCE\SERVERSRC\USA\GAMESERVER.SBR
C:\Source\ServerSrc\USA\GameServer.vcxprojResolveAssemblyReference.cache
C:\Source\ServerSrc\USA\GameServer.write.1.tlog
C:\Source\ServerSrc\USA\GameServer_manifest.rc
C:\SOURCE\SERVERSRC\USA\GMCMDLIST.SBR
C:\SOURCE\SERVERSRC\USA\GPSDATAMANAGER.SBR
C:\SOURCE\SERVERSRC\USA\GPSMANAGER.SBR
C:\SOURCE\SERVERSRC\USA\GUILD.SBR
C:\SOURCE\SERVERSRC\USA\GUILDBATTLEMANAGER.SBR
C:\SOURCE\SERVERSRC\USA\GUILDKICK.SBR
C:\SOURCE\SERVERSRC\USA\HARDCODING.SBR
C:\SOURCE\SERVERSRC\USA\HELPERINGAME.SBR
C:\SOURCE\SERVERSRC\USA\HEXADUMP4XTRAP.SBR
C:\SOURCE\SERVERSRC\USA\HOLYWATERDATA.SBR
C:\SOURCE\SERVERSRC\USA\INTERGRATIONSERVER.SBR
C:\SOURCE\SERVERSRC\USA\INVENTORYMANAGER.SBR
C:\SOURCE\SERVERSRC\USA\ITEM.SBR
C:\SOURCE\SERVERSRC\USA\ITEMCOLLECTION.SBR
C:\SOURCE\SERVERSRC\USA\ITEMEXCHANGEPROTO.SBR
C:\SOURCE\SERVERSRC\USA\JEWELDATA.SBR
C:\SOURCE\SERVERSRC\USA\JUMPINGSYSTEM.SBR
C:\SOURCE\SERVERSRC\USA\LACARETTE.SBR
C:\Source\ServerSrc\USA\link.14272.read.1.tlog
C:\Source\ServerSrc\USA\link.14272.write.1.tlog
C:\Source\ServerSrc\USA\link.14272-cvtres.read.1.tlog
C:\Source\ServerSrc\USA\link.14272-cvtres.write.1.tlog
C:\Source\ServerSrc\USA\link.16388.read.1.tlog
C:\Source\ServerSrc\USA\link.16388.write.1.tlog
C:\Source\ServerSrc\USA\link.16388-cvtres.read.1.tlog
C:\Source\ServerSrc\USA\link.16388-cvtres.write.1.tlog
C:\Source\ServerSrc\USA\link.20016.read.1.tlog
C:\Source\ServerSrc\USA\link.20016.write.1.tlog
C:\Source\ServerSrc\USA\link.20016-cvtres.read.1.tlog
C:\Source\ServerSrc\USA\link.20016-cvtres.write.1.tlog
C:\Source\ServerSrc\USA\link.command.1.tlog
C:\Source\ServerSrc\USA\link.read.1.tlog
C:\Source\ServerSrc\USA\link.write.1.tlog
C:\SOURCE\SERVERSRC\USA\LOG.SBR
C:\SOURCE\SERVERSRC\USA\LUCKYDRAWBOX.SBR
C:\SOURCE\SERVERSRC\USA\MAPATTR.SBR
C:\SOURCE\SERVERSRC\USA\MEMPOS.SBR
C:\SOURCE\SERVERSRC\USA\MESSENGERINGAME.SBR
C:\SOURCE\SERVERSRC\USA\MOBACTIVITY.SBR
C:\SOURCE\SERVERSRC\USA\MONSTERCOMBO.SBR
C:\SOURCE\SERVERSRC\USA\MONSTERMERCENARY.SBR
C:\Source\ServerSrc\USA\mt.command.1.tlog
C:\Source\ServerSrc\USA\mt.read.1.tlog
C:\Source\ServerSrc\USA\mt.write.1.tlog
C:\SOURCE\SERVERSRC\USA\NOTICE.SBR
C:\SOURCE\SERVERSRC\USA\NPC.SBR
C:\SOURCE\SERVERSRC\USA\NPCPROTO.SBR
C:\SOURCE\SERVERSRC\USA\NPCREGENINFO.SBR
C:\SOURCE\SERVERSRC\USA\OPTION.SBR
C:\SOURCE\SERVERSRC\USA\PARTY.SBR
C:\SOURCE\SERVERSRC\USA\PARTY_RECALL_MANAGER.SBR
C:\SOURCE\SERVERSRC\USA\PC.SBR
C:\SOURCE\SERVERSRC\USA\PCLIST.SBR
C:\SOURCE\SERVERSRC\USA\PERSONALSHOP.SBR
C:\SOURCE\SERVERSRC\USA\PET.SBR
C:\SOURCE\SERVERSRC\USA\PETSTASHMANAGER.SBR
C:\SOURCE\SERVERSRC\USA\PREMIUMCHAR.SBR
C:\SOURCE\SERVERSRC\USA\PROCCONNMSG.SBR
C:\SOURCE\SERVERSRC\USA\PROCHELPERMSG.SBR
C:\SOURCE\SERVERSRC\USA\PROCMSGRMSG.SBR
C:\SOURCE\SERVERSRC\USA\PROCSUBHELPERMSG.SBR
C:\SOURCE\SERVERSRC\USA\PRODUCT.SBR
C:\SOURCE\SERVERSRC\USA\PRODUCTMANAGER.SBR
C:\SOURCE\SERVERSRC\USA\PROMOTION2EVENT.SBR
C:\SOURCE\SERVERSRC\USA\PUZZLEGAME.SBR
C:\SOURCE\SERVERSRC\USA\QUEST.SBR
C:\SOURCE\SERVERSRC\USA\RAIDDATA.SBR
C:\SOURCE\SERVERSRC\USA\RAREOPTIONPROTO.SBR
C:\Source\ServerSrc\USA\rc.command.1.tlog
C:\Source\ServerSrc\USA\rc.read.1.tlog
C:\Source\ServerSrc\USA\rc.write.1.tlog
C:\SOURCE\SERVERSRC\USA\REWARD.SBR
C:\SOURCE\SERVERSRC\USA\REWARDEVNETITEMMANAGER.SBR
C:\SOURCE\SERVERSRC\USA\ROCKPAPERSCISSORSGAME.SBR
C:\SOURCE\SERVERSRC\USA\ROCKPAPERSCISSORSINFO.SBR
C:\SOURCE\SERVERSRC\USA\ROCKPAPERSCISSORSPROB.SBR
C:\SOURCE\SERVERSRC\USA\SERVER.SBR
C:\SOURCE\SERVERSRC\USA\SERVERRUN.SBR
C:\SOURCE\SERVERSRC\USA\SERVERTIMER.SBR
C:\SOURCE\SERVERSRC\USA\SETITEMPROTO.SBR
C:\SOURCE\SERVERSRC\USA\SKILL.SBR
C:\SOURCE\SERVERSRC\USA\SOCKETSYSTEM.SBR
C:\SOURCE\SERVERSRC\USA\SSKILL.SBR
C:\SOURCE\SERVERSRC\USA\SUBHELPERINGAME.SBR
C:\SOURCE\SERVERSRC\USA\SYNDICATEINFODATAMANAGER.SBR
C:\SOURCE\SERVERSRC\USA\SYNDICATEMANAGER.SBR
C:\SOURCE\SERVERSRC\USA\TIMERITEMMANAGER.SBR
C:\SOURCE\SERVERSRC\USA\TITLESYSTEM.SBR
C:\SOURCE\SERVERSRC\USA\TRIGERSET.SBR
C:\SOURCE\SERVERSRC\USA\UTILS.SBR
C:\SOURCE\SERVERSRC\USA\WARCASTLE.SBR
C:\SOURCE\SERVERSRC\USA\WARCASTLE_MERAC.SBR
C:\SOURCE\SERVERSRC\USA\WARCASTLEFUNC.SBR
C:\SOURCE\SERVERSRC\USA\WARGROUND.SBR
C:\SOURCE\SERVERSRC\USA\WEARINVENMANAGER.SBR
C:\SOURCE\SERVERSRC\USA\XTRAP4SERVER.SBR
C:\SOURCE\SERVERSRC\USA\ZONE.SBR
